  AbstractCommand.cpp
  Bomb.cpp
  BombIterator.cpp
D:\Labs_C++\GB\06_Паттрены_проектирования_GOF\Lesson_04\l_04_t_01\SBomberProject\BombIterator.cpp(3,54): warning C4267: 'return': conversion from 'size_t' to 'int', possible loss of data
  FileLoggerSingletone.cpp
  Ground.cpp
  House.cpp
  LevelGUI.cpp
  LoggerSingletone.cpp
  MyTools.cpp
  Plane.cpp
  SBomber.cpp
  SBomberProject.cpp
  ScreenSingletone.cpp
  Tank.cpp
  TankAdaptee.cpp
  Generating Code...
D:\Labs_C++\GB\06_Паттрены_проектирования_GOF\Lesson_04\l_04_t_01\SBomberProject\BombIterator.cpp(18): warning C4172: returning address of local variable or temporary: it
  LINK : D:\Labs_C++\GB\06_Паттрены_проектирования_GOF\Lesson_04\l_04_t_01\x64\Debug\SBomberProject.exe not found or not built by the last incremental link; performing full link
  SBomberProject.vcxproj -> D:\Labs_C++\GB\06_Паттрены_проектирования_GOF\Lesson_04\l_04_t_01\x64\Debug\SBomberProject.exe
