d:\labs_c++\gb\06_паттрены_проектирования_gof\lesson_05\sbomberproject\x64\debug\vc142.pdb
d:\labs_c++\gb\06_паттрены_проектирования_gof\lesson_05\sbomberproject\x64\debug\vc142.idb
d:\labs_c++\gb\06_паттрены_проектирования_gof\lesson_05\sbomberproject\x64\debug\tank.obj
d:\labs_c++\gb\06_паттрены_проектирования_gof\lesson_05\sbomberproject\x64\debug\screensingleton.obj
d:\labs_c++\gb\06_паттрены_проектирования_gof\lesson_05\sbomberproject\x64\debug\mytools.obj
d:\labs_c++\gb\06_паттрены_проектирования_gof\lesson_05\sbomberproject\x64\debug\levelgui.obj
d:\labs_c++\gb\06_паттрены_проектирования_gof\lesson_05\sbomberproject\x64\debug\house.obj
d:\labs_c++\gb\06_паттрены_проектирования_gof\lesson_05\sbomberproject\x64\debug\ground.obj
d:\labs_c++\gb\06_паттрены_проектирования_gof\lesson_05\sbomberproject\x64\debug\fileloggersingletone.obj
d:\labs_c++\gb\06_паттрены_проектирования_gof\lesson_05\sbomberproject\x64\debug\sbomberproject.obj
d:\labs_c++\gb\06_паттрены_проектирования_gof\lesson_05\sbomberproject\x64\debug\sbomber.obj
d:\labs_c++\gb\06_паттрены_проектирования_gof\lesson_05\sbomberproject\x64\debug\plane.obj
d:\labs_c++\gb\06_паттрены_проектирования_gof\lesson_05\sbomberproject\x64\debug\bomb.obj
d:\labs_c++\gb\06_паттрены_проектирования_gof\lesson_05\x64\debug\sbomberproject.pdb
d:\labs_c++\gb\06_паттрены_проектирования_gof\lesson_05\sbomberproject\x64\debug\sbomberproject.tlog\cl.command.1.tlog
d:\labs_c++\gb\06_паттрены_проектирования_gof\lesson_05\sbomberproject\x64\debug\sbomberproject.tlog\cl.read.1.tlog
d:\labs_c++\gb\06_паттрены_проектирования_gof\lesson_05\sbomberproject\x64\debug\sbomberproject.tlog\cl.write.1.tlog
d:\labs_c++\gb\06_паттрены_проектирования_gof\lesson_05\sbomberproject\x64\debug\sbomberproject.tlog\link-cvtres.read.1.tlog
d:\labs_c++\gb\06_паттрены_проектирования_gof\lesson_05\sbomberproject\x64\debug\sbomberproject.tlog\link-cvtres.write.1.tlog
d:\labs_c++\gb\06_паттрены_проектирования_gof\lesson_05\sbomberproject\x64\debug\sbomberproject.tlog\link-rc.read.1.tlog
d:\labs_c++\gb\06_паттрены_проектирования_gof\lesson_05\sbomberproject\x64\debug\sbomberproject.tlog\link-rc.write.1.tlog
d:\labs_c++\gb\06_паттрены_проектирования_gof\lesson_05\sbomberproject\x64\debug\sbomberproject.tlog\link.command.1.tlog
d:\labs_c++\gb\06_паттрены_проектирования_gof\lesson_05\sbomberproject\x64\debug\sbomberproject.tlog\link.read.1.tlog
d:\labs_c++\gb\06_паттрены_проектирования_gof\lesson_05\sbomberproject\x64\debug\sbomberproject.tlog\link.write.1.tlog
